0 verbose cli /usr/local/bin/node /usr/local/bin/npm
1 info using npm@10.9.2
2 info using node@v22.14.0
3 silly config load:file:/usr/local/lib/node_modules/npm/npmrc
4 silly config load:file:/Users/green/.npmrc
5 silly config load:file:/usr/local/etc/npmrc
6 verbose title npm create vite@latest my-vite-app --template react
7 verbose argv "create" "vite@latest" "my-vite-app" "--" "--template" "react"
8 verbose logfile logs-max:10 dir:/Users/green/Portal/.npm-cache/_logs/2025-08-06T07_56_41_568Z-
9 verbose logfile /Users/green/Portal/.npm-cache/_logs/2025-08-06T07_56_41_568Z-debug-0.log
10 silly logfile done cleaning log files
11 silly packumentCache heap:2197815296 maxSize:549453824 maxEntrySize:274726912
12 http fetch GET 200 https://registry.npmjs.org/npm 168ms
13 http fetch GET 200 https://registry.npmjs.org/create-vite 110ms (cache miss)
14 silly packumentCache heap:2197815296 maxSize:549453824 maxEntrySize:274726912
15 silly idealTree buildDeps
16 silly fetch manifest create-vite@7.0.3
17 silly packumentCache full:https://registry.npmjs.org/create-vite cache-miss
18 http fetch GET 200 https://registry.npmjs.org/create-vite 55ms (cache miss)
19 silly packumentCache full:https://registry.npmjs.org/create-vite set size:undefined disposed:false
20 silly placeDep ROOT create-vite@7.0.3 OK for:  want: 7.0.3
21 silly reify moves {}
22 silly audit bulk request { 'create-vite': [ '7.0.3' ] }
23 http cache create-vite@https://registry.npmjs.org/create-vite/-/create-vite-7.0.3.tgz 0ms (cache hit)
24 silly tarball no local data for create-vite@https://registry.npmjs.org/create-vite/-/create-vite-7.0.3.tgz. Extracting by manifest.
25 http fetch GET 200 https://registry.npmjs.org/create-vite/-/create-vite-7.0.3.tgz 86ms (cache miss)
26 http fetch POST 200 https://registry.npmjs.org/-/npm/v1/security/advisories/bulk 208ms
27 silly audit report {}
28 verbose cwd /Users/green/Portal
29 verbose os Darwin 23.5.0
30 verbose node v22.14.0
31 verbose npm  v10.9.2
32 notice
32 notice New [31mmajor[39m version of npm available! [31m10.9.2[39m -> [34m11.5.2[39m
32 notice Changelog: [34mhttps://github.com/npm/cli/releases/tag/v11.5.2[39m
32 notice To update run: [4mnpm install -g npm@11.5.2[24m
32 notice  { force: true, [Symbol(proc-log.meta)]: true }
33 verbose exit 0
34 info ok
