0 verbose cli /usr/local/bin/node /usr/local/bin/npm
1 info using npm@10.9.2
2 info using node@v22.14.0
3 silly config load:file:/usr/local/lib/node_modules/npm/npmrc
4 silly config load:file:/Users/green/.npmrc
5 silly config load:file:/usr/local/etc/npmrc
6 verbose title npm install
7 verbose argv "install"
8 verbose logfile logs-max:10 dir:/Users/green/Portal/.npm-cache/_logs/2025-08-06T07_56_54_014Z-
9 verbose logfile /Users/green/Portal/.npm-cache/_logs/2025-08-06T07_56_54_014Z-debug-0.log
10 silly logfile done cleaning log files
11 silly packumentCache heap:2197815296 maxSize:549453824 maxEntrySize:274726912
12 silly idealTree buildDeps
13 silly reify moves {}
14 silly audit bulk request {
14 silly audit   '@babel/code-frame': [ '7.27.1' ],
14 silly audit   '@babel/helper-validator-identifier': [ '7.27.1' ],
14 silly audit   '@modelcontextprotocol/sdk': [ '1.0.1' ],
14 silly audit   '@modelcontextprotocol/server-puppeteer': [ '2025.5.12' ],
14 silly audit   '@puppeteer/browsers': [ '2.6.1' ],
14 silly audit   '@tootallnate/quickjs-emscripten': [ '0.23.0' ],
14 silly audit   '@types/node': [ '24.2.0' ],
14 silly audit   '@types/yauzl': [ '2.10.3' ],
14 silly audit   'agent-base': [ '7.1.4' ],
14 silly audit   'ansi-regex': [ '5.0.1' ],
14 silly audit   'ansi-styles': [ '4.3.0' ],
14 silly audit   argparse: [ '2.0.1' ],
14 silly audit   'ast-types': [ '0.13.4' ],
14 silly audit   b4a: [ '1.6.7' ],
14 silly audit   'bare-events': [ '2.6.0' ],
14 silly audit   'bare-fs': [ '4.1.6' ],
14 silly audit   'bare-os': [ '3.6.1' ],
14 silly audit   'bare-path': [ '3.0.0' ],
14 silly audit   'bare-stream': [ '2.6.5' ],
14 silly audit   'base64-js': [ '1.5.1' ],
14 silly audit   'basic-ftp': [ '5.0.5' ],
14 silly audit   buffer: [ '5.7.1' ],
14 silly audit   'buffer-crc32': [ '0.2.13' ],
14 silly audit   bytes: [ '3.1.2' ],
14 silly audit   callsites: [ '3.1.0' ],
14 silly audit   'chromium-bidi': [ '0.11.0' ],
14 silly audit   zod: [ '3.23.8', '3.25.76' ],
14 silly audit   cliui: [ '8.0.1' ],
14 silly audit   'color-convert': [ '2.0.1' ],
14 silly audit   'color-name': [ '1.1.4' ],
14 silly audit   'content-type': [ '1.0.5' ],
14 silly audit   cosmiconfig: [ '9.0.0' ],
14 silly audit   'data-uri-to-buffer': [ '6.0.2' ],
14 silly audit   debug: [ '4.4.1' ],
14 silly audit   degenerator: [ '5.0.1' ],
14 silly audit   depd: [ '2.0.0' ],
14 silly audit   'devtools-protocol': [ '0.0.1367902' ],
14 silly audit   'emoji-regex': [ '8.0.0' ],
14 silly audit   'end-of-stream': [ '1.4.5' ],
14 silly audit   'env-paths': [ '2.2.1' ],
14 silly audit   'error-ex': [ '1.3.2' ],
14 silly audit   escalade: [ '3.2.0' ],
14 silly audit   escodegen: [ '2.1.0' ],
14 silly audit   esprima: [ '4.0.1' ],
14 silly audit   estraverse: [ '5.3.0' ],
14 silly audit   esutils: [ '2.0.3' ],
14 silly audit   'extract-zip': [ '2.0.1' ],
14 silly audit   'fast-fifo': [ '1.3.2' ],
14 silly audit   'fd-slicer': [ '1.1.0' ],
14 silly audit   'get-caller-file': [ '2.0.5' ],
14 silly audit   'get-stream': [ '5.2.0' ],
14 silly audit   'get-uri': [ '6.0.5' ],
14 silly audit   'http-errors': [ '2.0.0' ],
14 silly audit   'http-proxy-agent': [ '7.0.2' ],
14 silly audit   'https-proxy-agent': [ '7.0.6' ],
14 silly audit   'iconv-lite': [ '0.6.3' ],
14 silly audit   ieee754: [ '1.2.1' ],
14 silly audit   'import-fresh': [ '3.3.1' ],
14 silly audit   inherits: [ '2.0.4' ],
14 silly audit   'ip-address': [ '9.0.5' ],
14 silly audit   'is-arrayish': [ '0.2.1' ],
14 silly audit   'is-fullwidth-code-point': [ '3.0.0' ],
14 silly audit   'js-tokens': [ '4.0.0' ],
14 silly audit   'js-yaml': [ '4.1.0' ],
14 silly audit   jsbn: [ '1.1.0' ],
14 silly audit   'json-parse-even-better-errors': [ '2.3.1' ],
14 silly audit   'lines-and-columns': [ '1.2.4' ],
14 silly audit   'lru-cache': [ '7.18.3' ],
14 silly audit   mitt: [ '3.0.1' ],
14 silly audit   ms: [ '2.1.3' ],
14 silly audit   netmask: [ '2.0.2' ],
14 silly audit   once: [ '1.4.0' ],
14 silly audit   'pac-proxy-agent': [ '7.2.0' ],
14 silly audit   'pac-resolver': [ '7.0.1' ],
14 silly audit   'parent-module': [ '1.0.1' ],
14 silly audit   'parse-json': [ '5.2.0' ],
14 silly audit   pend: [ '1.2.0' ],
14 silly audit   picocolors: [ '1.1.1' ],
14 silly audit   progress: [ '2.0.3' ],
14 silly audit   'proxy-agent': [ '6.5.0' ],
14 silly audit   'proxy-from-env': [ '1.1.0' ],
14 silly audit   pump: [ '3.0.3' ],
14 silly audit   puppeteer: [ '23.11.1' ],
14 silly audit   'puppeteer-core': [ '23.11.1' ],
14 silly audit   'raw-body': [ '3.0.0' ],
14 silly audit   'require-directory': [ '2.1.1' ],
14 silly audit   'resolve-from': [ '4.0.0' ],
14 silly audit   'safer-buffer': [ '2.1.2' ],
14 silly audit   semver: [ '7.7.2' ],
14 silly audit   setprototypeof: [ '1.2.0' ],
14 silly audit   'smart-buffer': [ '4.2.0' ],
14 silly audit   socks: [ '2.8.6' ],
14 silly audit   'socks-proxy-agent': [ '8.0.5' ],
14 silly audit   'source-map': [ '0.6.1' ],
14 silly audit   'sprintf-js': [ '1.1.3' ],
14 silly audit   statuses: [ '2.0.1' ],
14 silly audit   streamx: [ '2.22.1' ],
14 silly audit   'string-width': [ '4.2.3' ],
14 silly audit   'strip-ansi': [ '6.0.1' ],
14 silly audit   'tar-fs': [ '3.1.0' ],
14 silly audit   'tar-stream': [ '3.1.7' ],
14 silly audit   'text-decoder': [ '1.2.3' ],
14 silly audit   through: [ '2.3.8' ],
14 silly audit   toidentifier: [ '1.0.1' ],
14 silly audit   tslib: [ '2.8.1' ],
14 silly audit   'typed-query-selector': [ '2.12.0' ],
14 silly audit   'unbzip2-stream': [ '1.4.3' ],
14 silly audit   'undici-types': [ '7.10.0' ],
14 silly audit   unpipe: [ '1.0.0' ],
14 silly audit   'wrap-ansi': [ '7.0.0' ],
14 silly audit   wrappy: [ '1.0.2' ],
14 silly audit   ws: [ '8.18.3' ],
14 silly audit   y18n: [ '5.0.8' ],
14 silly audit   yargs: [ '17.7.2' ],
14 silly audit   'yargs-parser': [ '21.1.1' ],
14 silly audit   yauzl: [ '2.10.0' ]
14 silly audit }
15 verbose stack Error: EACCES: permission denied, open '/Users/green/package-lock.json'
15 verbose stack     at async open (node:internal/fs/promises:638:25)
15 verbose stack     at async writeFile (node:internal/fs/promises:1212:14)
15 verbose stack     at async Promise.all (index 0)
15 verbose stack     at async [saveIdealTree] (/usr/local/lib/node_modules/npm/node_modules/@npmcli/arborist/lib/arborist/reify.js:1526:7)
15 verbose stack     at async Arborist.reify (/usr/local/lib/node_modules/npm/node_modules/@npmcli/arborist/lib/arborist/reify.js:148:5)
15 verbose stack     at async Install.exec (/usr/local/lib/node_modules/npm/lib/commands/install.js:150:5)
15 verbose stack     at async Npm.exec (/usr/local/lib/node_modules/npm/lib/npm.js:207:9)
15 verbose stack     at async module.exports (/usr/local/lib/node_modules/npm/lib/cli/entry.js:74:5)
16 error code EACCES
17 error syscall open
18 error path /Users/green/package-lock.json
19 error errno -13
20 error Error: EACCES: permission denied, open '/Users/green/package-lock.json'
20 error     at async open (node:internal/fs/promises:638:25)
20 error     at async writeFile (node:internal/fs/promises:1212:14)
20 error     at async Promise.all (index 0)
20 error     at async [saveIdealTree] (/usr/local/lib/node_modules/npm/node_modules/@npmcli/arborist/lib/arborist/reify.js:1526:7)
20 error     at async Arborist.reify (/usr/local/lib/node_modules/npm/node_modules/@npmcli/arborist/lib/arborist/reify.js:148:5)
20 error     at async Install.exec (/usr/local/lib/node_modules/npm/lib/commands/install.js:150:5)
20 error     at async Npm.exec (/usr/local/lib/node_modules/npm/lib/npm.js:207:9)
20 error     at async module.exports (/usr/local/lib/node_modules/npm/lib/cli/entry.js:74:5) {
20 error   errno: -13,
20 error   code: 'EACCES',
20 error   syscall: 'open',
20 error   path: '/Users/green/package-lock.json'
20 error }
21 error
21 error The operation was rejected by your operating system.
21 error It is likely you do not have the permissions to access this file as the current user
21 error
21 error If you believe this might be a permissions issue, please double-check the
21 error permissions of the file and its containing directories, or try running
21 error the command again as root/Administrator.
22 silly unfinished npm timer reify 1754467014314
23 silly unfinished npm timer reify:audit 1754467014350
24 silly unfinished npm timer auditReport:getReport 1754467014350
25 silly unfinished npm timer reify:save 1754467014375
26 verbose cwd /Users/green/Portal
27 verbose os Darwin 23.5.0
28 verbose node v22.14.0
29 verbose npm  v10.9.2
30 verbose exit -13
31 verbose code -13
32 error A complete log of this run can be found in: /Users/green/Portal/.npm-cache/_logs/2025-08-06T07_56_54_014Z-debug-0.log
